Copyright 1986-2018 Xilinx, Inc. All Rights Reserved.
----------------------------------------------------------------------------------------------------------------------------------------------------------------
| Tool Version     : Vivado v.2018.3 (win64) Build 2405991 Thu Dec  6 23:38:27 MST 2018
| Date             : Thu Oct 10 13:15:59 2019
| Host             : DESKTOP-LDFEUQN running 64-bit major release  (build 9200)
| Command          : report_power -file system_wrapper_power_routed.rpt -pb system_wrapper_power_summary_routed.pb -rpx system_wrapper_power_routed.rpx
| Design           : system_wrapper
| Device           : xc7z020clg400-1
| Design State     : routed
| Grade            : commercial
| Process          : typical
| Characterization : Production
----------------------------------------------------------------------------------------------------------------------------------------------------------------

Power Report

Table of Contents
-----------------
1. Summary
1.1 On-Chip Components
1.2 Power Supply Summary
1.3 Confidence Level
2. Settings
2.1 Environment
2.2 Clock Constraints
3. Detailed Reports
3.1 By Hierarchy

1. Summary
----------

+--------------------------+--------------+
| Total On-Chip Power (W)  | 1.974        |
| Design Power Budget (W)  | Unspecified* |
| Power Budget Margin (W)  | NA           |
| Dynamic (W)              | 1.822        |
| Device Static (W)        | 0.152        |
| Effective TJA (C/W)      | 11.5         |
| Max Ambient (C)          | 62.2         |
| Junction Temperature (C) | 47.8         |
| Confidence Level         | Low          |
| Setting File             | ---          |
| Simulation Activity File | ---          |
| Design Nets Matched      | NA           |
+--------------------------+--------------+
* Specify Design Power Budget using, set_operating_conditions -design_power_budget <value in Watts>


1.1 On-Chip Components
----------------------

+--------------------------+-----------+----------+-----------+-----------------+
| On-Chip                  | Power (W) | Used     | Available | Utilization (%) |
+--------------------------+-----------+----------+-----------+-----------------+
| Clocks                   |     0.093 |       13 |       --- |             --- |
| Slice Logic              |     0.018 |    30954 |       --- |             --- |
|   LUT as Logic           |     0.015 |     9049 |     53200 |           17.01 |
|   Register               |     0.002 |    17670 |    106400 |           16.61 |
|   CARRY4                 |     0.001 |      329 |     13300 |            2.47 |
|   F7/F8 Muxes            |    <0.001 |      341 |     53200 |            0.64 |
|   LUT as Distributed RAM |    <0.001 |       42 |     17400 |            0.24 |
|   LUT as Shift Register  |    <0.001 |      284 |     17400 |            1.63 |
|   Others                 |    <0.001 |     1163 |       --- |             --- |
| Signals                  |     0.028 |    22995 |       --- |             --- |
| Block RAM                |     0.007 |       10 |       140 |            7.14 |
| MMCM                     |     0.226 |        2 |         4 |           50.00 |
| DSPs                     |     0.012 |       18 |       220 |            8.18 |
| I/O                      |     0.175 |       22 |       125 |           17.60 |
| PS7                      |     1.264 |        1 |       --- |             --- |
| Static Power             |     0.152 |          |           |                 |
| Total                    |     1.974 |          |           |                 |
+--------------------------+-----------+----------+-----------+-----------------+


1.2 Power Supply Summary
------------------------

+-----------+-------------+-----------+-------------+------------+
| Source    | Voltage (V) | Total (A) | Dynamic (A) | Static (A) |
+-----------+-------------+-----------+-------------+------------+
| Vccint    |       1.000 |     0.183 |       0.165 |      0.017 |
| Vccaux    |       1.800 |     0.157 |       0.141 |      0.016 |
| Vcco33    |       3.300 |     0.043 |       0.042 |      0.001 |
| Vcco25    |       2.500 |     0.000 |       0.000 |      0.000 |
| Vcco18    |       1.800 |     0.000 |       0.000 |      0.000 |
| Vcco15    |       1.500 |     0.000 |       0.000 |      0.000 |
| Vcco135   |       1.350 |     0.000 |       0.000 |      0.000 |
| Vcco12    |       1.200 |     0.000 |       0.000 |      0.000 |
| Vccaux_io |       1.800 |     0.000 |       0.000 |      0.000 |
| Vccbram   |       1.000 |     0.002 |       0.001 |      0.002 |
| MGTAVcc   |       1.000 |     0.000 |       0.000 |      0.000 |
| MGTAVtt   |       1.200 |     0.000 |       0.000 |      0.000 |
| MGTVccaux |       1.800 |     0.000 |       0.000 |      0.000 |
| Vccpint   |       1.000 |     0.688 |       0.655 |      0.034 |
| Vccpaux   |       1.800 |     0.036 |       0.026 |      0.010 |
| Vccpll    |       1.800 |     0.017 |       0.014 |      0.003 |
| Vcco_ddr  |       1.500 |     0.354 |       0.352 |      0.002 |
| Vcco_mio0 |       1.800 |     0.004 |       0.003 |      0.001 |
| Vcco_mio1 |       1.800 |     0.003 |       0.002 |      0.001 |
| Vccadc    |       1.800 |     0.020 |       0.000 |      0.020 |
+-----------+-------------+-----------+-------------+------------+


1.3 Confidence Level
--------------------

+-----------------------------+------------+--------------------------------------------------------+------------------------------------------------------------------------------------------------------------+
| User Input Data             | Confidence | Details                                                | Action                                                                                                     |
+-----------------------------+------------+--------------------------------------------------------+------------------------------------------------------------------------------------------------------------+
| Design implementation state | High       | Design is routed                                       |                                                                                                            |
| Clock nodes activity        | High       | User specified more than 95% of clocks                 |                                                                                                            |
| I/O nodes activity          | Low        | More than 75% of inputs are missing user specification | Provide missing input activity with simulation results or by editing the "By Resource Type -> I/Os" view   |
| Internal nodes activity     | Medium     | User specified less than 25% of internal nodes         | Provide missing internal nodes activity with simulation results or by editing the "By Resource Type" views |
| Device models               | High       | Device models are Production                           |                                                                                                            |
|                             |            |                                                        |                                                                                                            |
| Overall confidence level    | Low        |                                                        |                                                                                                            |
+-----------------------------+------------+--------------------------------------------------------+------------------------------------------------------------------------------------------------------------+


2. Settings
-----------

2.1 Environment
---------------

+-----------------------+------------------------+
| Ambient Temp (C)      | 25.0                   |
| ThetaJA (C/W)         | 11.5                   |
| Airflow (LFM)         | 250                    |
| Heat Sink             | none                   |
| ThetaSA (C/W)         | 0.0                    |
| Board Selection       | medium (10"x10")       |
| # of Board Layers     | 8to11 (8 to 11 Layers) |
| Board Temperature (C) | 25.0                   |
+-----------------------+------------------------+


2.2 Clock Constraints
---------------------

+------------------------+----------------------------------------------------------------------------------------+-----------------+
| Clock                  | Domain                                                                                 | Constraint (ns) |
+------------------------+----------------------------------------------------------------------------------------+-----------------+
| CLKFBIN                | system_i/video/hdmi_in/frontend/dvi2rgb_1/U0/TMDS_ClockingX/CLKFBIN                    |             8.3 |
| CLK_OUT_5x_hdmi_clk    | system_i/video/hdmi_in/frontend/dvi2rgb_1/U0/TMDS_ClockingX/CLK_OUT_5x_hdmi_clk        |             1.7 |
| I                      | system_i/video/hdmi_out/frontend/axi_dynclk/U0/Inst_mmcme2_drp/I                       |             2.0 |
| I                      | system_i/video/hdmi_out/frontend/axi_dynclk/U0/PXL_CLK_5X_O                            |             2.0 |
| PixelClk_int           | system_i/video/hdmi_in/frontend/dvi2rgb_1/U0/TMDS_ClockingX/rMMCM_LckdRisingFlag_reg_0 |             8.3 |
| axi_dynclk_0_PXL_CLK_O | system_i/video/hdmi_out/frontend/axi_dynclk/U0/PXL_CLK_O                               |            10.0 |
| clk_fpga_0             | system_i/ps7_0/inst/FCLK_CLK_unbuffered[0]                                             |            10.0 |
| clk_fpga_1             | system_i/ps7_0/inst/FCLK_CLK_unbuffered[1]                                             |             7.0 |
| clk_fpga_2             | system_i/ps7_0/inst/FCLK_CLK_unbuffered[2]                                             |             5.0 |
| hdmi_in_clk_p          | hdmi_in_clk_p                                                                          |             8.3 |
| mmcm_fbclk_out         | system_i/video/hdmi_out/frontend/axi_dynclk/U0/Inst_mmcme2_drp/mmcm_fbclk_out          |            10.0 |
+------------------------+----------------------------------------------------------------------------------------+-----------------+


3. Detailed Reports
-------------------

3.1 By Hierarchy
----------------

+--------------------------+-----------+
| Name                     | Power (W) |
+--------------------------+-----------+
| system_wrapper           |     1.822 |
|   hdmi_out_ddc_scl_iobuf |     0.004 |
|   hdmi_out_ddc_sda_iobuf |     0.004 |
|   system_i               |     1.813 |
|     ps7_0                |     1.265 |
|       inst               |     1.265 |
|     ps7_0_axi_periph     |     0.008 |
|       s00_couplers       |     0.006 |
|       xbar               |     0.001 |
|     video                |     0.539 |
|       axi_interconnect_0 |     0.013 |
|       axi_mem_intercon   |     0.010 |
|       axi_vdma           |     0.024 |
|       hdmi_in            |     0.218 |
|       hdmi_out           |     0.273 |
+--------------------------+-----------+


